2006-05-18 21:10:51 INFO: Octopus Backup started2006-05-18 21:11:45 INFO: Octopus Backup closed2006-05-18 21:17:57 INFO: Octopus Backup started
2006-05-18 21:18:00 INFO: Octopus Backup closed
2006-05-18 21:18:25 INFO: Octopus Backup started
2006-05-18 21:18:27 INFO: Octopus Backup closed
2006-05-18 21:19:32 INFO: Octopus Backup started
2006-05-18 21:19:34 INFO: Octopus Backup closed

2006-05-18 21:19:39 INFO: Octopus Backup started
2006-05-18 21:19:40 INFO: Octopus Backup closed

2006-05-18 21:19:43 INFO: Octopus Backup started
2006-05-18 21:19:44 INFO: Octopus Backup closed

2006-05-19 17:21:31 INFO: Octopus Backup started
2006-05-19 17:21:34 INFO: Octopus Backup closed

2006-05-19 17:25:14 INFO: Octopus Backup started
2006-05-19 17:25:16 INFO: Octopus Backup closed

2006-05-19 17:25:51 INFO: Octopus Backup started
2006-05-19 17:25:54 INFO: RootTask first backup started
2006-05-19 17:25:54 INFO: RootTask first backup finished
2006-05-19 17:26:22 INFO: Octopus Backup closed

2006-05-19 17:27:09 INFO: Octopus Backup started
2006-05-19 17:27:14 INFO: RootTask first backup started
2006-05-19 17:27:14 INFO: RootTask first backup finished
2006-05-19 17:27:37 INFO: Octopus Backup closed

2006-05-19 17:29:53 INFO: Octopus Backup started
2006-05-19 17:29:56 INFO: RootTask first backup started
2006-05-19 17:29:56 INFO: RootTask first backup finished
2006-05-19 17:30:07 INFO: Octopus Backup closed

2006-05-19 17:30:54 INFO: Octopus Backup started
2006-05-19 17:32:22 INFO: RootTask first backup started
2006-05-19 17:35:27 INFO: Octopus Backup started
2006-05-19 17:35:29 INFO: RootTask first backup started
2006-05-19 17:39:23 INFO: RootTask first backup finished
2006-05-19 17:39:24 INFO: Octopus Backup closed

2006-05-19 17:40:13 INFO: Octopus Backup started
2006-05-19 17:40:15 INFO: RootTask first backup started
2006-05-19 17:41:04 INFO: RootTask first backup finished
2006-05-19 17:41:07 INFO: Octopus Backup closed

2006-05-19 18:37:50 INFO: Octopus Backup started
2006-05-19 18:39:30 INFO: RootTask first backup started
2006-05-19 18:40:28 INFO: RootTask first backup finished
2006-05-19 18:40:29 INFO: Octopus Backup closed

2006-05-19 18:41:06 INFO: Octopus Backup started
2006-05-19 18:41:13 INFO: RootTask first backup started
2006-05-19 18:42:45 INFO: Octopus Backup started
2006-05-19 18:42:48 INFO: RootTask first backup started
2006-05-19 18:43:35 INFO: Octopus Backup started
2006-05-19 18:44:14 INFO: RootTask first backup started
2006-05-19 18:45:56 INFO: Octopus Backup started
2006-05-19 18:45:58 INFO: RootTask first backup started
2006-05-19 18:46:40 INFO: RootTask first backup finished
2006-05-19 18:46:40 INFO: Octopus Backup closed

2006-05-19 18:47:02 INFO: Octopus Backup started
2006-05-19 18:48:19 INFO: RootTask first backup started
2006-05-19 18:48:56 INFO: Octopus Backup started
2006-05-19 18:50:14 INFO: RootTask first backup started
2006-05-19 18:52:23 INFO: Octopus Backup started
2006-05-19 18:52:50 INFO: RootTask first backup started
2006-05-19 18:54:41 INFO: Octopus Backup started
2006-05-19 18:54:48 INFO: RootTask first backup started
2006-05-19 18:56:35 INFO: Octopus Backup started
2006-05-19 18:56:37 INFO: Octopus Backup closed

2006-05-19 18:57:32 INFO: Octopus Backup started
2006-05-19 19:14:01 INFO: Octopus Backup started
2006-05-19 19:14:21 INFO: RootTask first backup started
2006-05-19 19:16:22 INFO: Octopus Backup started
2006-05-19 19:16:25 INFO: RootTask first backup started
2006-05-19 19:19:14 INFO: Octopus Backup started
2006-05-19 19:19:17 INFO: RootTask first backup started
2006-05-19 19:56:13 INFO: Octopus Backup started
2006-05-19 19:56:14 INFO: Octopus Backup closed

2006-05-19 19:56:33 INFO: Octopus Backup started
2006-05-19 19:57:53 INFO: RootTask first backup started
2006-05-19 20:00:33 INFO: Octopus Backup started
2006-05-19 20:00:38 INFO: Octopus Backup closed

2006-05-19 20:00:53 INFO: Octopus Backup started
2006-05-19 20:01:11 INFO: RootTask first backup started
2006-05-19 20:02:46 INFO: Octopus Backup started
2006-05-19 20:02:49 INFO: RootTask first backup started
2006-05-19 20:04:08 INFO: Octopus Backup started
2006-05-19 20:08:11 INFO: Octopus Backup started
2006-05-19 20:10:01 INFO: Octopus Backup started
2006-05-19 23:35:45 INFO: Octopus Backup started
2006-05-19 23:37:53 INFO: Octopus Backup started
2006-05-19 23:41:33 INFO: Octopus Backup started
2006-05-19 23:47:08 INFO: Octopus Backup started
2006-05-19 23:55:39 INFO: Octopus Backup started
2006-05-19 23:56:24 INFO: RootTask first backup started
2006-05-20 00:00:31 INFO: Octopus Backup started
2006-05-20 00:00:32 INFO: RootTask first backup started
2006-05-20 00:01:23 INFO: RootTask first backup finished
2006-05-20 00:02:07 INFO: Octopus Backup started
2006-05-20 00:02:09 INFO: RootTask first backup started
2006-05-20 00:02:47 INFO: RootTask first backup finished
2006-05-20 00:04:12 INFO: Octopus Backup started
2006-05-20 00:04:14 INFO: RootTask first backup started
2006-05-20 00:07:26 INFO: Octopus Backup started
2006-05-20 00:07:46 INFO: RootTask first backup started
2006-05-20 00:09:37 INFO: RootTask first backup finished
2006-05-21 22:35:44 INFO: Octopus Backup started
2006-05-21 22:42:26 INFO: Octopus Backup started
2006-05-21 22:47:22 INFO: Octopus Backup started
2006-05-21 22:50:31 INFO: Octopus Backup started
2006-05-21 22:59:04 INFO: Octopus Backup started
2006-05-21 22:59:05 INFO: Octopus Backup closed

2006-05-21 23:00:02 INFO: Octopus Backup started
2006-05-23 11:40:44 INFO: Octopus Backup started
2006-05-23 11:41:38 INFO: Octopus Backup closed

2006-05-23 13:25:50 INFO: Octopus Backup started
2006-05-23 13:27:23 INFO: Octopus Backup started
2006-05-23 13:27:31 INFO: RootTask first backup started
2006-05-23 13:28:36 INFO: RootTask first backup finished
2006-05-23 13:30:04 INFO: Octopus Backup started
2006-05-23 13:30:59 INFO: RootTask first backup started
2006-05-23 13:31:30 INFO: RootTask first backup finished
2006-05-23 13:40:32 INFO: Octopus Backup started
2006-05-23 13:40:45 INFO: RootTask first backup started
2006-05-23 13:41:12 INFO: RootTask first backup finished
2006-05-23 13:44:10 INFO: Octopus Backup started
2006-05-23 13:44:12 INFO: RootTask first backup started
2006-05-23 13:44:46 INFO: RootTask first backup finished
2006-05-23 13:44:54 INFO: Octopus Backup closed

2006-05-23 13:46:26 INFO: Octopus Backup started
2006-05-23 13:47:14 INFO: RootTask first backup started
2006-05-23 13:47:44 INFO: RootTask first backup finished
2006-05-23 13:47:54 INFO: RootTask first backup started
2006-05-23 13:48:20 INFO: RootTask first backup finished
2006-05-23 13:48:22 INFO: Octopus Backup closed

2006-05-23 13:49:20 INFO: Octopus Backup started
2006-05-23 13:49:23 INFO: RootTask first backup started
2006-05-23 13:54:28 INFO: Octopus Backup started
2006-05-23 13:54:30 INFO: RootTask first backup started
2006-05-23 13:58:23 INFO: Octopus Backup started
2006-05-23 13:58:27 INFO: RootTask first backup started
2006-05-23 13:59:02 INFO: RootTask first backup finished
2006-05-23 13:59:10 INFO: RootTask first backup started
2006-05-23 13:59:36 INFO: RootTask first backup finished
2006-05-23 13:59:43 INFO: Octopus Backup closed

2006-05-23 18:59:28 INFO: Octopus Backup started
2006-05-23 19:00:10 INFO: Octopus Backup closed

2006-05-23 19:00:46 INFO: Octopus Backup started
2006-05-23 19:00:59 INFO: Octopus Backup closed

2006-05-23 19:01:42 INFO: Octopus Backup started
2006-05-23 19:01:58 INFO: Octopus Backup closed

2006-05-23 19:13:28 INFO: Octopus Backup started
2006-05-23 19:13:40 INFO: Octopus Backup closed

2006-05-23 19:14:20 INFO: Octopus Backup started
2006-05-23 19:14:30 INFO: Octopus Backup closed

2006-05-23 19:15:22 INFO: Octopus Backup started
2006-05-23 19:15:26 INFO: Octopus Backup closed

2006-05-23 19:16:52 INFO: Octopus Backup started
2006-05-23 19:17:18 INFO: Octopus Backup closed

2006-05-23 19:21:06 INFO: Octopus Backup started
2006-05-23 19:21:40 INFO: Octopus Backup closed

2006-05-23 19:53:03 INFO: Octopus Backup started
2006-05-23 19:54:22 INFO: Octopus Backup closed

2006-05-23 19:59:18 INFO: Octopus Backup started
2006-05-23 19:59:51 INFO: Octopus Backup closed

2006-05-23 20:00:22 INFO: Octopus Backup started
2006-05-23 20:01:43 INFO: Octopus Backup closed

2006-05-24 07:09:13 INFO: Octopus Backup started
2006-05-24 07:09:23 INFO: Octopus Backup closed

2006-05-24 07:10:02 INFO: Octopus Backup started
2006-05-24 07:10:09 INFO: Octopus Backup closed

2006-05-24 07:10:36 INFO: Octopus Backup started
2006-05-24 07:11:28 INFO: Octopus Backup closed

2006-05-24 07:23:39 INFO: Octopus Backup started
2006-05-24 07:24:25 INFO: Octopus Backup closed

2006-05-24 07:24:29 INFO: Octopus Backup started
2006-05-24 07:24:39 INFO: Octopus Backup closed

2006-05-24 07:24:40 INFO: Octopus Backup started
2006-05-24 07:26:24 INFO: Octopus Backup closed

2006-05-24 07:28:32 INFO: Octopus Backup started
2006-05-24 07:28:45 INFO: Octopus Backup closed

2006-05-24 07:29:43 INFO: Octopus Backup started
2006-05-24 07:29:55 INFO: Octopus Backup closed

2006-05-24 07:33:20 INFO: Octopus Backup started
2006-05-24 07:33:27 INFO: Octopus Backup closed

2006-05-24 07:34:19 INFO: Octopus Backup started
2006-05-24 07:34:22 INFO: Octopus Backup closed

2006-05-24 18:23:21 INFO: Octopus Backup started
2006-05-24 18:23:28 INFO: Octopus Backup closed

2006-05-24 18:24:16 INFO: Octopus Backup started
2006-05-24 18:24:41 INFO: Octopus Backup closed

2006-05-24 18:24:50 INFO: Octopus Backup started
2006-05-24 18:25:07 INFO: Octopus Backup closed

2006-05-24 20:22:05 INFO: Octopus Backup started
2006-05-24 20:22:09 INFO: Octopus Backup closed

2006-05-24 22:16:17 INFO: Octopus Backup started
2006-05-24 22:16:51 INFO: Octopus Backup closed

2006-05-24 22:27:22 INFO: Octopus Backup started
2006-05-24 22:30:20 INFO: Octopus Backup closed

2006-05-24 22:31:01 INFO: Octopus Backup started
2006-05-24 22:31:37 INFO: Octopus Backup closed

2006-05-24 22:35:21 INFO: Octopus Backup started
2006-05-24 22:36:04 INFO: Octopus Backup closed

2006-05-24 23:02:13 INFO: Octopus Backup started
2006-05-24 23:03:22 INFO: Octopus Backup closed

2006-05-24 23:05:56 INFO: Octopus Backup started
2006-05-24 23:06:43 INFO: Octopus Backup closed

2006-05-24 23:07:58 INFO: Octopus Backup started
2006-05-24 23:08:48 INFO: Octopus Backup closed

2006-05-24 23:09:04 INFO: Octopus Backup started
2006-05-24 23:10:43 INFO: Octopus Backup started
2006-05-24 23:11:26 INFO: Octopus Backup closed

2006-05-24 23:12:41 INFO: Octopus Backup started
2006-05-24 23:13:54 INFO: Octopus Backup closed

2006-05-24 23:15:26 INFO: Octopus Backup started
2006-05-24 23:16:19 INFO: Octopus Backup closed

2006-05-24 23:17:13 INFO: Octopus Backup started
2006-05-24 23:17:50 INFO: Octopus Backup closed

2006-05-25 00:29:05 INFO: Octopus Backup started
2006-05-25 00:30:04 INFO: Octopus Backup closed

2006-05-25 00:34:22 INFO: Octopus Backup started
2006-05-25 00:36:04 INFO: Octopus Backup closed

2006-05-25 00:37:36 INFO: Octopus Backup started
2006-05-25 00:38:17 INFO: Octopus Backup closed

2006-05-25 00:40:21 INFO: Octopus Backup started
2006-05-25 00:41:10 INFO: Octopus Backup closed

2006-05-25 21:19:38 INFO: Octopus Backup started
2006-05-25 21:21:11 INFO: Octopus Backup closed

2006-05-25 22:28:33 INFO: Octopus Backup started
2006-05-25 22:29:01 INFO: Octopus Backup closed

2006-05-25 22:36:12 INFO: Octopus Backup started
2006-05-25 22:36:19 INFO: Octopus Backup closed

2006-05-26 11:33:29 INFO: Octopus Backup started
2006-05-26 11:33:34 INFO: Octopus Backup closed

2006-05-29 18:28:55 INFO: Octopus Backup started
2006-05-29 18:30:38 INFO: Octopus Backup closed

2006-05-29 19:07:07 INFO: Octopus Backup started
2006-05-29 19:07:15 INFO: Octopus Backup closed

2006-05-29 19:09:07 INFO: Octopus Backup started
2006-05-29 19:09:35 INFO: Octopus Backup closed

2006-05-29 19:12:41 INFO: Octopus Backup started
2006-05-29 19:16:47 INFO: Octopus Backup closed

2006-05-29 20:05:18 INFO: Octopus Backup started
2006-05-29 20:05:31 INFO: Octopus Backup closed

2006-05-30 18:12:15 INFO: Octopus Backup started
2006-05-30 18:12:25 INFO: Octopus Backup closed

2006-05-30 18:12:43 INFO: Octopus Backup started
2006-05-30 18:13:26 INFO: Octopus Backup closed

2006-05-30 18:16:14 INFO: Octopus Backup started
2006-05-30 18:17:32 INFO: Octopus Backup closed

2006-05-30 18:17:55 INFO: Octopus Backup started
2006-05-30 18:17:57 INFO: Octopus Backup closed

2006-05-30 18:57:28 INFO: Octopus Backup started
2006-05-30 18:57:42 INFO: Octopus Backup closed

2006-05-30 19:05:47 INFO: Octopus Backup started
2006-05-30 19:06:08 INFO: Octopus Backup closed

2006-05-31 17:57:06 INFO: Octopus Backup started
2006-05-31 17:57:36 INFO: Octopus Backup closed

2006-05-31 17:58:51 INFO: Octopus Backup started
2006-05-31 18:03:27 INFO: Octopus Backup started
2006-05-31 18:06:48 INFO: Octopus Backup closed

2006-05-31 18:11:51 INFO: Octopus Backup started
2006-05-31 18:12:11 INFO: Octopus Backup closed

2006-06-02 16:57:43 INFO: Octopus Backup started
2006-06-02 16:58:45 INFO: Octopus Backup closed

2006-06-02 17:04:38 INFO: Octopus Backup started
2006-06-02 17:05:21 INFO: Octopus Backup closed

2006-06-02 17:16:26 INFO: Octopus Backup started
2006-06-02 17:17:19 INFO: Octopus Backup closed

2006-06-02 17:18:18 INFO: Octopus Backup started
2006-06-02 17:20:14 INFO: Octopus Backup started
2006-06-02 17:20:19 INFO: Octopus Backup closed

2006-06-02 17:20:46 INFO: Octopus Backup closed

2006-06-02 17:20:52 INFO: Octopus Backup started
2006-06-02 17:21:16 INFO: Octopus Backup closed

2006-06-02 17:27:21 INFO: Octopus Backup started
2006-06-02 17:27:54 INFO: Octopus Backup closed

2006-06-02 17:28:57 INFO: Octopus Backup started
2006-06-02 17:31:04 INFO: Octopus Backup closed

2006-06-02 17:38:16 INFO: Octopus Backup started
2006-06-02 17:39:01 INFO: Octopus Backup closed

2006-06-02 19:43:40 INFO: Octopus Backup started
2006-06-02 19:45:05 INFO: Octopus Backup closed

2006-06-02 19:46:03 INFO: Octopus Backup started
2006-06-02 19:52:17 INFO: Octopus Backup closed

2006-06-02 20:23:10 INFO: Octopus Backup started
2006-06-02 20:23:45 INFO: Octopus Backup closed

2006-06-02 20:24:13 INFO: Octopus Backup started
2006-06-02 20:27:24 INFO: Octopus Backup started
2006-06-02 20:33:24 INFO: Octopus Backup started
2006-06-02 20:33:53 ERROR: Backup finished
2006-06-02 20:34:22 INFO: Octopus Backup closed

2006-06-02 20:36:07 INFO: Octopus Backup started
2006-06-02 20:36:36 !!! FATAL ERROR !!!: Backup finished
2006-06-02 20:37:16 INFO: Octopus Backup closed

2006-06-02 20:37:34 INFO: Octopus Backup started
2006-06-02 20:38:04 !!! FATAL ERROR !!!: Backup finished
2006-06-02 20:38:09 !!! FATAL ERROR !!!: Backup finished
2006-06-02 20:38:21 INFO: Octopus Backup closed

2006-06-02 20:40:02 INFO: Octopus Backup started
2006-06-02 20:40:27 !!! FATAL ERROR !!!: Backup finished
2006-06-02 20:40:42 INFO: Octopus Backup closed

2006-06-02 20:40:44 INFO: Octopus Backup started
2006-06-02 20:41:13 INFO: Octopus Backup closed

2006-06-03 12:39:23 INFO: Octopus Backup started
2006-06-03 12:39:34 INFO: Octopus Backup closed

2006-06-03 12:44:35 INFO: Octopus Backup started
2006-06-03 12:44:44 !!! FATAL ERROR !!!: Backup finished
2006-06-03 12:44:54 !!! FATAL ERROR !!!: Can not save Project E:\Garage\projekte\OctopusBackup\first.ob
2006-06-03 12:45:04 !!! FATAL ERROR !!!: Can not open Project E:\Garage\projekte\OctopusBackup\first.ob
2006-06-03 12:45:21 !!! FATAL ERROR !!!: Backup finished
2006-06-03 12:45:39 !!! FATAL ERROR !!!: Can not save Project E:\Garage\projekte\OctopusBackup\first.ob
2006-06-03 12:45:46 !!! FATAL ERROR !!!: Can not save Project E:\Garage\projekte\OctopusBackup\2.ob
2006-06-03 12:45:50 INFO: Octopus Backup closed

2006-06-03 16:55:20 INFO: Octopus Backup started
2006-06-03 16:55:25 !!! FATAL ERROR !!!: Backup finished
2006-06-03 17:00:15 INFO: Octopus Backup started
2006-06-03 17:02:13 !!! FATAL ERROR !!!: Backup finished
2006-06-03 17:06:25 INFO: Octopus Backup started
2006-06-03 17:07:43 !!! FATAL ERROR !!!: Backup finished
2006-06-03 17:08:30 INFO: Octopus Backup closed

2006-06-03 17:25:35 INFO: Octopus Backup started
2006-06-03 17:25:41 !!! FATAL ERROR !!!: Can not open Project E:\Garage\projekte\OctopusBackup\x.ob
2006-06-03 17:25:49 INFO: Octopus Backup closed

2006-06-03 17:31:28 INFO: Octopus Backup started
2006-06-03 17:40:25 INFO: Octopus Backup started
2006-06-03 17:40:50 INFO: Octopus Backup closed

2006-06-03 17:41:11 INFO: Octopus Backup started
2006-06-03 17:45:35 INFO: Octopus Backup started
2006-06-03 17:46:58 INFO: Octopus Backup closed

2006-06-03 17:47:51 INFO: Octopus Backup started
2006-06-03 17:48:26 !!! FATAL ERROR !!!: Backup finished
2006-06-03 17:48:46 INFO: Octopus Backup closed

2006-06-03 17:48:48 INFO: Octopus Backup started
2006-06-03 17:49:45 INFO: Octopus Backup closed

2006-06-03 17:50:04 INFO: Octopus Backup started
2006-06-03 17:50:32 INFO: Octopus Backup closed

2006-06-03 17:50:49 INFO: Octopus Backup started
2006-06-03 17:52:13 INFO: Octopus Backup started
2006-06-03 17:52:17 !!! FATAL ERROR !!!: Backup finished
2006-06-03 17:52:36 INFO: Octopus Backup closed

2006-06-03 17:54:14 INFO: Octopus Backup started
2006-06-03 17:54:26 !!! FATAL ERROR !!!: Backup finished
2006-06-03 17:55:55 INFO: Octopus Backup closed

2006-06-03 17:56:16 INFO: Octopus Backup started
2006-06-04 11:00:42 INFO: Octopus Backup started
2006-06-04 11:00:45 INFO: Octopus Backup closed

2006-06-04 11:11:01 INFO: Octopus Backup started
2006-06-04 11:11:35 INFO: Octopus Backup closed

2006-06-04 11:12:55 INFO: Octopus Backup started
2006-06-04 11:13:10 INFO: Octopus Backup closed

2006-06-04 11:13:57 INFO: Octopus Backup started
2006-06-04 11:14:14 INFO: Octopus Backup closed

2006-06-04 11:14:19 INFO: Octopus Backup started
2006-06-04 11:20:56 INFO: Octopus Backup closed

2006-06-04 11:21:37 INFO: Octopus Backup started
2006-06-04 11:21:48 INFO: Octopus Backup closed

2006-06-04 11:22:35 INFO: Octopus Backup started
2006-06-04 11:22:40 INFO: Octopus Backup closed

2006-06-04 11:23:28 INFO: Octopus Backup started
2006-06-04 11:23:42 INFO: Octopus Backup closed

2006-06-04 11:24:11 INFO: Octopus Backup started
2006-06-04 11:24:23 INFO: Octopus Backup closed

2006-06-04 11:24:53 INFO: Octopus Backup started
2006-06-04 11:25:00 INFO: Octopus Backup closed

2006-06-04 11:25:31 INFO: Octopus Backup started
2006-06-04 11:25:36 INFO: Octopus Backup closed

2006-06-04 11:26:38 INFO: Octopus Backup started
2006-06-04 11:26:46 INFO: Octopus Backup closed

2006-06-04 11:28:12 INFO: Octopus Backup started
2006-06-04 11:28:21 INFO: Octopus Backup closed

2006-06-04 11:35:35 INFO: Octopus Backup started
2006-06-04 11:35:43 INFO: Octopus Backup closed

2006-06-04 11:42:09 INFO: Octopus Backup started
2006-06-04 11:43:08 !!! FATAL ERROR !!!: Backup finished
2006-06-04 11:43:13 INFO: Octopus Backup closed

2006-06-04 11:45:36 INFO: Octopus Backup started
2006-06-04 11:45:42 INFO: Backup finished
2006-06-04 11:45:45 INFO: Octopus Backup closed

2006-06-04 11:48:34 INFO: Octopus Backup 0.01a by Christian Buhtz started
2006-06-04 11:48:39 INFO: Backup finished
2006-06-04 11:48:40 INFO: Octopus Backup closed

2006-06-04 11:50:14 INFO: Octopus Backup 0.01a by Christian Buhtz started
2006-06-04 11:50:16 INFO: Backup finished
2006-06-04 11:50:34 INFO: Octopus Backup closed

2006-06-04 12:27:52 INFO: Octopus Backup 0.01a by Christian Buhtz started
2006-06-04 12:27:54 INFO: Backup finished
2006-06-04 12:28:08 INFO: Octopus Backup closed

2006-06-04 12:28:50 INFO: Octopus Backup 0.01a by Christian Buhtz started
2006-06-04 12:28:52 INFO: Backup finished
2006-06-04 12:28:57 INFO: Octopus Backup closed

2006-06-04 12:29:37 INFO: Octopus Backup 0.01a by Christian Buhtz started
2006-06-04 12:29:38 INFO: Backup finished
2006-06-04 12:29:49 INFO: Octopus Backup closed

2006-06-04 12:30:47 INFO: Octopus Backup 0.01a by Christian Buhtz started
2006-06-04 12:30:48 INFO: Backup finished
2006-06-04 12:31:01 INFO: Octopus Backup closed

2006-06-04 12:32:12 INFO: Octopus Backup 0.01a by Christian Buhtz started
2006-06-04 12:32:14 INFO: Backup finished
2006-06-04 12:32:35 INFO: Octopus Backup closed

2006-06-04 12:45:40 INFO: Octopus Backup 0.01a by Christian Buhtz started
2006-06-04 12:45:42 INFO: Backup finished
2006-06-04 12:45:46 INFO: Octopus Backup closed

2006-06-04 12:46:37 INFO: Octopus Backup 0.01a by Christian Buhtz started
2006-06-04 12:46:38 INFO: Backup finished
2006-06-04 12:46:43 INFO: Octopus Backup closed

2006-06-04 12:48:12 INFO: Octopus Backup 0.01a by Christian Buhtz started
2006-06-04 12:48:15 INFO: Backup finished
2006-06-04 12:48:19 INFO: Octopus Backup closed

2006-06-04 12:49:46 INFO: Octopus Backup 0.01a by Christian Buhtz started
2006-06-04 12:50:38 INFO: Backup finished
2006-06-04 12:50:46 INFO: Octopus Backup closed

2006-06-04 12:58:29 INFO: Octopus Backup 0.01a by Christian Buhtz started
2006-06-04 12:58:31 INFO: Backup finished
2006-06-04 12:58:38 INFO: Octopus Backup closed

2006-06-04 12:59:32 INFO: Octopus Backup 0.01a by Christian Buhtz started
2006-06-04 12:59:33 INFO: Backup finished
2006-06-04 12:59:46 INFO: Octopus Backup closed

2006-06-04 13:03:29 INFO: Octopus Backup 0.01a by Christian Buhtz started
2006-06-04 13:03:31 INFO: Backup finished
2006-06-04 13:04:34 INFO: Octopus Backup 0.01a by Christian Buhtz started
2006-06-04 13:04:36 INFO: Backup finished
2006-06-04 13:04:40 INFO: Octopus Backup closed

2006-06-04 14:06:01 INFO: Octopus Backup 0.01a by Christian Buhtz started
2006-06-04 14:06:03 INFO: Backup finished
2006-06-04 14:06:10 INFO: Octopus Backup closed

2006-06-04 14:06:10 INFO: Octopus Backup closed

2006-06-04 14:08:38 INFO: Octopus Backup 0.01a by Christian Buhtz started
2006-06-04 14:08:38 INFO: icon OK
2006-06-04 14:08:39 INFO: Backup finished
2006-06-04 14:08:47 INFO: Octopus Backup closed

2006-06-04 14:09:30 INFO: Octopus Backup 0.01a by Christian Buhtz started
2006-06-04 14:09:30 INFO: icon OK
2006-06-04 14:09:31 INFO: Backup finished
2006-06-04 14:09:34 INFO: Octopus Backup closed

2006-06-04 16:08:03 INFO: Octopus Backup 0.01a by Christian Buhtz started
2006-06-04 16:08:03 INFO: icon OK
2006-06-04 16:08:05 INFO: Backup finished
2006-06-04 16:08:15 INFO: Octopus Backup closed

2006-06-04 16:10:07 INFO: Octopus Backup 0.01a by Christian Buhtz started
2006-06-04 16:10:09 INFO: Backup finished
2006-06-04 16:11:01 INFO: Octopus Backup closed

2006-06-04 16:18:01 INFO: Octopus Backup 0.01a by Christian Buhtz started
2006-06-04 16:18:03 INFO: Backup finished
2006-06-04 16:18:20 INFO: Octopus Backup closed

2006-06-04 16:19:41 INFO: Octopus Backup 0.01a by Christian Buhtz started
2006-06-04 16:19:42 INFO: Backup finished
2006-06-04 16:19:47 INFO: Octopus Backup closed

2006-06-04 16:21:16 INFO: Octopus Backup 0.01a by Christian Buhtz started
2006-06-04 16:21:17 INFO: Backup finished
2006-06-04 16:21:57 INFO: Octopus Backup closed

2006-06-04 18:27:41 INFO: Octopus Backup 0.01a by Christian Buhtz started
2006-06-04 18:27:43 INFO: Backup finished
2006-06-04 18:27:53 INFO: Octopus Backup closed

2006-06-04 18:35:41 INFO: Octopus Backup 0.01a by Christian Buhtz started
2006-06-04 18:35:42 INFO: Backup finished
2006-06-04 18:36:01 INFO: Octopus Backup closed

2006-06-04 18:44:01 INFO: Octopus Backup 0.01a by Christian Buhtz started
2006-06-04 18:44:03 INFO: Backup finished
2006-06-04 18:44:27 INFO: Octopus Backup closed

2006-06-04 18:45:07 INFO: Octopus Backup 0.01a by Christian Buhtz started
2006-06-04 18:45:08 INFO: Backup finished
2006-06-04 18:46:20 INFO: Octopus Backup closed

2006-06-04 18:47:15 INFO: Octopus Backup 0.01a by Christian Buhtz started
2006-06-04 18:47:17 INFO: Backup finished
2006-06-04 18:47:34 INFO: Octopus Backup closed

2006-06-04 18:52:15 INFO: Octopus Backup 0.01a by Christian Buhtz started
2006-06-04 18:52:17 INFO: Backup finished
2006-06-04 18:52:48 INFO: Octopus Backup closed

2006-06-04 18:52:56 INFO: Octopus Backup 0.01a by Christian Buhtz started
2006-06-04 18:52:58 INFO: Backup finished
2006-06-04 18:53:28 INFO: Octopus Backup closed

2006-06-04 18:54:48 INFO: Octopus Backup 0.01a by Christian Buhtz started
2006-06-04 18:58:26 INFO: Octopus Backup 0.01a by Christian Buhtz started
2006-06-04 19:01:03 INFO: Octopus Backup 0.01a by Christian Buhtz started
2006-06-04 19:02:35 INFO: Octopus Backup 0.01a by Christian Buhtz started
2006-06-04 19:04:15 INFO: Backup finished
2006-06-04 19:04:27 INFO: Octopus Backup closed

2006-06-04 19:13:18 INFO: Octopus Backup 0.01a by Christian Buhtz started
2006-06-04 19:13:20 INFO: Backup finished
2006-06-04 19:13:32 INFO: Octopus Backup closed

2006-06-04 19:14:49 INFO: Octopus Backup 0.01a by Christian Buhtz started
2006-06-04 19:14:51 INFO: Backup finished
2006-06-04 19:17:52 INFO: Octopus Backup closed

2006-06-04 19:21:11 INFO: Octopus Backup 0.01a by Christian Buhtz started
2006-06-04 19:21:12 INFO: Backup finished
2006-06-04 19:21:43 INFO: Octopus Backup closed

2006-06-04 20:01:22 INFO: Octopus Backup 0.01a by Christian Buhtz started
2006-06-04 20:01:24 INFO: Backup finished
2006-06-04 20:01:34 INFO: Octopus Backup closed

2006-06-05 17:46:12 INFO: Octopus Backup 0.01a by Christian Buhtz started
2006-06-05 17:46:14 INFO: Backup finished
2006-06-05 17:46:29 INFO: Octopus Backup closed

2006-06-05 19:30:39 INFO: Octopus Backup 0.01a by Christian Buhtz started
2006-06-05 19:33:11 INFO: Octopus Backup 0.01a by Christian Buhtz started
2006-06-05 19:37:19 INFO: Octopus Backup 0.01a by Christian Buhtz started
2006-06-05 19:39:54 INFO: Octopus Backup 0.01a by Christian Buhtz started
2006-06-05 19:40:30 INFO: Octopus Backup 0.01a by Christian Buhtz started
2006-06-05 19:41:03 INFO: Octopus Backup 0.01a by Christian Buhtz started
2006-06-05 20:07:47 INFO: Octopus Backup 0.01a by Christian Buhtz started
2006-06-05 20:07:49 INFO: Backup finished
2006-06-05 20:09:38 INFO: Octopus Backup 0.01a by Christian Buhtz started
2006-06-05 20:09:40 INFO: Backup finished
2006-06-05 20:10:46 INFO: Octopus Backup 0.01a by Christian Buhtz started
2006-06-05 20:10:48 INFO: Backup finished
2006-06-06 05:55:03 INFO: Octopus Backup closed

2006-06-06 06:02:00 INFO: Octopus Backup 0.01a by Christian Buhtz started
2006-06-06 06:02:03 INFO: Backup finished
2006-06-06 06:09:07 INFO: Octopus Backup 0.01a by Christian Buhtz started
2006-06-06 06:09:09 INFO: Backup finished
2006-06-06 19:08:16 INFO: Octopus Backup 0.01a by Christian Buhtz started
2006-06-06 19:08:18 INFO: Backup finished
2006-06-06 19:08:45 INFO: Octopus Backup closed

2006-06-06 19:09:48 INFO: Octopus Backup 0.01a by Christian Buhtz started
2006-06-06 19:09:50 INFO: Backup finished
2006-06-06 19:12:05 INFO: Octopus Backup 0.01a by Christian Buhtz started
2006-06-06 19:12:07 INFO: Backup finished
2006-06-06 19:16:46 INFO: Octopus Backup 0.01a by Christian Buhtz started
2006-06-06 19:17:00 INFO: Octopus Backup closed

2006-06-06 19:17:31 INFO: Octopus Backup 0.01a by Christian Buhtz started
2006-06-06 19:17:36 INFO: Octopus Backup closed

2006-06-06 19:18:24 INFO: Octopus Backup 0.01a by Christian Buhtz started
2006-06-06 19:18:26 INFO: Backup finished
2006-06-06 19:18:47 INFO: Octopus Backup closed

2006-06-06 19:19:40 INFO: Octopus Backup 0.01a by Christian Buhtz started
2006-06-06 19:19:41 INFO: Backup finished
2006-06-06 19:21:03 INFO: Octopus Backup closed

2006-06-06 19:21:09 INFO: Octopus Backup 0.01a by Christian Buhtz started
2006-06-06 19:21:11 INFO: Backup finished
2006-06-06 19:21:20 INFO: Octopus Backup closed

2006-06-06 19:37:23 INFO: Octopus Backup 0.01a by Christian Buhtz started
2006-06-06 19:37:25 INFO: Backup finished
2006-06-06 19:37:28 INFO: Octopus Backup closed

2006-06-06 19:38:14 INFO: Octopus Backup 0.01a by Christian Buhtz started
2006-06-06 19:38:16 INFO: Backup finished
2006-06-06 19:38:22 INFO: Octopus Backup closed

2006-06-06 19:39:41 INFO: Octopus Backup 0.01a by Christian Buhtz started
2006-06-06 19:39:42 INFO: Backup finished
2006-06-06 19:39:48 INFO: Octopus Backup closed

2006-06-06 19:40:21 INFO: Octopus Backup 0.01a by Christian Buhtz started
2006-06-06 19:40:23 INFO: Backup finished
2006-06-06 19:40:50 INFO: Octopus Backup closed

2006-06-06 19:41:22 INFO: Octopus Backup 0.01a by Christian Buhtz started
2006-06-06 19:41:24 INFO: Backup finished
2006-06-06 19:42:21 INFO: Octopus Backup closed

2006-06-06 19:42:25 INFO: Octopus Backup 0.01a by Christian Buhtz started
2006-06-06 19:42:26 INFO: Backup finished
2006-06-06 19:42:35 INFO: Octopus Backup closed

2006-06-06 20:05:27 INFO: Octopus Backup 0.01a by Christian Buhtz started
2006-06-06 20:05:29 INFO: Backup finished
2006-06-06 20:05:54 INFO: Octopus Backup closed

2006-06-06 20:29:01 INFO: Octopus Backup 0.01a by Christian Buhtz started
2006-06-06 20:29:02 INFO: Backup finished
2006-06-06 20:29:25 INFO: Octopus Backup closed

2006-06-06 20:30:37 INFO: Octopus Backup 0.01a by Christian Buhtz started
2006-06-06 20:30:38 INFO: Backup finished
2006-06-06 20:30:46 INFO: Octopus Backup closed

2006-06-06 20:35:57 INFO: Octopus Backup 0.01a by Christian Buhtz started
2006-06-06 20:35:59 INFO: Backup finished
2006-06-06 20:36:11 INFO: Octopus Backup closed

2006-06-06 20:43:18 INFO: Octopus Backup 0.01a by Christian Buhtz started
2006-06-06 20:43:19 INFO: Backup finished
2006-06-06 20:44:04 INFO: Octopus Backup closed

2006-06-07 17:35:57 INFO: Octopus Backup 0.01a by Christian Buhtz started
2006-06-07 17:35:59 INFO: Backup finished
2006-06-07 17:36:05 INFO: Octopus Backup closed

2006-06-07 17:37:34 INFO: Octopus Backup 0.01a by Christian Buhtz started
2006-06-07 17:37:36 INFO: Backup finished
2006-06-07 17:38:03 INFO: Octopus Backup closed

2006-06-07 17:41:28 INFO: Octopus Backup 0.01a by Christian Buhtz started
2006-06-07 17:41:30 INFO: Backup finished
2006-06-07 17:41:43 INFO: Octopus Backup closed

2006-06-07 17:41:45 INFO: Octopus Backup 0.01a by Christian Buhtz started
2006-06-07 17:41:47 INFO: Backup finished
2006-06-07 17:41:54 INFO: Octopus Backup closed

2006-06-07 17:42:37 INFO: Octopus Backup 0.01a by Christian Buhtz started
2006-06-07 17:42:38 INFO: Backup finished
2006-06-07 17:42:46 INFO: Octopus Backup closed

2006-06-07 17:45:19 INFO: Octopus Backup 0.01a by Christian Buhtz started
2006-06-07 17:45:21 INFO: Backup finished
2006-06-07 17:45:40 INFO: Octopus Backup closed

2006-06-07 17:47:04 INFO: Octopus Backup 0.01a by Christian Buhtz started
2006-06-07 17:47:05 INFO: Backup finished
2006-06-07 17:47:27 INFO: Octopus Backup closed

2006-06-07 17:48:35 INFO: Octopus Backup 0.01a by Christian Buhtz started
2006-06-07 17:48:37 INFO: Backup finished
2006-06-07 17:48:47 INFO: Octopus Backup closed

2006-06-07 17:49:42 INFO: Octopus Backup 0.01a by Christian Buhtz started
2006-06-07 17:49:43 INFO: Backup finished
2006-06-07 17:49:53 INFO: Octopus Backup closed

2006-06-07 17:50:39 INFO: Octopus Backup 0.01a by Christian Buhtz started
2006-06-07 17:50:40 INFO: Backup finished
2006-06-07 17:50:44 INFO: Octopus Backup closed

2006-06-07 17:51:41 INFO: Octopus Backup 0.01a by Christian Buhtz started
2006-06-07 17:51:42 INFO: Backup finished
2006-06-07 17:52:01 INFO: Octopus Backup closed

2006-06-07 17:52:32 INFO: Octopus Backup 0.01a by Christian Buhtz started
2006-06-07 17:52:34 INFO: Backup finished
2006-06-07 17:52:40 INFO: Octopus Backup closed

2006-06-07 17:53:13 INFO: Octopus Backup 0.01a by Christian Buhtz started
2006-06-07 17:53:14 INFO: Backup finished
2006-06-07 17:53:24 INFO: Octopus Backup closed

2006-06-07 18:09:12 INFO: Octopus Backup 0.01a by Christian Buhtz started
2006-06-07 18:09:15 INFO: Backup finished
2006-06-07 18:09:44 INFO: Octopus Backup closed

2006-06-07 18:10:55 INFO: Octopus Backup 0.01a by Christian Buhtz started
2006-06-07 18:10:57 INFO: Backup finished
2006-06-07 18:11:45 INFO: Octopus Backup closed

2006-06-07 18:11:48 INFO: Octopus Backup 0.01a by Christian Buhtz started
2006-06-07 18:11:50 INFO: Backup finished
2006-06-07 18:11:59 INFO: Octopus Backup closed

2006-06-07 18:12:01 INFO: Octopus Backup 0.01a by Christian Buhtz started
2006-06-07 18:12:02 INFO: Backup finished
2006-06-07 18:12:10 INFO: Octopus Backup closed

2006-06-07 18:13:02 INFO: Octopus Backup 0.01a by Christian Buhtz started
2006-06-07 18:13:04 INFO: Backup finished
2006-06-07 18:13:08 INFO: Octopus Backup closed

2006-06-07 18:13:36 INFO: Octopus Backup 0.01a by Christian Buhtz started
2006-06-07 18:13:38 INFO: Backup finished
2006-06-07 18:13:43 INFO: Octopus Backup closed

2006-06-07 18:14:10 INFO: Octopus Backup 0.01a by Christian Buhtz started
2006-06-07 18:14:12 INFO: Backup finished
2006-06-07 18:14:15 INFO: Octopus Backup closed

2006-06-07 18:14:49 INFO: Octopus Backup 0.01a by Christian Buhtz started
2006-06-07 18:14:51 INFO: Backup finished
2006-06-07 18:14:55 INFO: Octopus Backup closed

2006-06-07 18:16:08 INFO: Octopus Backup 0.01a by Christian Buhtz started
2006-06-07 18:16:09 INFO: Backup finished
2006-06-07 18:16:55 INFO: Octopus Backup closed

2006-06-07 18:18:22 INFO: Octopus Backup 0.01a by Christian Buhtz started
2006-06-07 18:18:23 INFO: Backup finished
2006-06-07 18:18:59 INFO: Octopus Backup closed

2006-06-07 18:19:40 INFO: Octopus Backup 0.01a by Christian Buhtz started
2006-06-07 18:19:41 INFO: Backup finished
2006-06-07 18:19:47 INFO: Octopus Backup closed

2006-06-07 18:20:25 INFO: Octopus Backup 0.01a by Christian Buhtz started
2006-06-07 18:20:27 INFO: Backup finished
2006-06-07 18:20:45 INFO: Octopus Backup closed

2006-06-07 18:22:17 INFO: Octopus Backup 0.01a by Christian Buhtz started
2006-06-07 18:22:19 INFO: Backup finished
2006-06-07 18:22:50 INFO: Octopus Backup closed

2006-06-07 18:33:14 INFO: Octopus Backup 0.01a by Christian Buhtz started
2006-06-07 18:33:16 INFO: Backup finished
2006-06-07 18:33:27 INFO: Octopus Backup closed

2006-06-07 18:34:00 INFO: Octopus Backup 0.01a by Christian Buhtz started
2006-06-07 18:34:01 INFO: Backup finished
2006-06-07 18:34:14 INFO: Octopus Backup closed

2006-06-07 18:34:44 INFO: Octopus Backup 0.01a by Christian Buhtz started
2006-06-07 18:34:45 INFO: Backup finished
2006-06-07 18:34:48 INFO: Octopus Backup closed

2006-06-07 18:35:46 INFO: Octopus Backup 0.01a by Christian Buhtz started
2006-06-07 18:35:48 INFO: Backup finished
2006-06-07 18:35:55 INFO: Octopus Backup closed

2006-06-07 18:37:10 INFO: Octopus Backup 0.01a by Christian Buhtz started
2006-06-07 18:37:12 INFO: Backup finished
2006-06-07 18:37:53 INFO: Octopus Backup closed

2006-06-07 18:41:28 INFO: Octopus Backup 0.01a by Christian Buhtz started
2006-06-07 18:41:29 INFO: Backup finished
2006-06-07 18:41:35 INFO: Octopus Backup closed

2006-06-07 18:44:22 INFO: Octopus Backup 0.01a by Christian Buhtz started
2006-06-07 18:44:24 INFO: Backup finished
2006-06-07 18:44:38 INFO: Octopus Backup closed

2006-06-07 18:45:55 INFO: Octopus Backup 0.01a by Christian Buhtz started
2006-06-07 18:45:56 INFO: Backup finished
2006-06-07 18:46:02 INFO: Octopus Backup closed

2006-06-07 18:47:40 INFO: Octopus Backup 0.01a by Christian Buhtz started
2006-06-07 18:47:42 INFO: Backup finished
2006-06-07 18:47:51 INFO: Octopus Backup closed

2006-06-07 18:48:43 INFO: Octopus Backup 0.01a by Christian Buhtz started
2006-06-07 18:48:45 INFO: Backup finished
2006-06-07 18:48:56 INFO: Octopus Backup closed

2006-06-07 18:49:43 INFO: Octopus Backup 0.01a by Christian Buhtz started
2006-06-07 18:49:45 INFO: Backup finished
2006-06-07 18:49:47 INFO: Octopus Backup closed

2006-06-07 18:55:47 INFO: Octopus Backup 0.01a by Christian Buhtz started
2006-06-07 18:55:49 INFO: Backup finished
2006-06-07 18:55:56 INFO: Octopus Backup closed

2006-06-07 19:01:30 INFO: Octopus Backup 0.01a by Christian Buhtz started
2006-06-07 19:01:32 INFO: Backup finished
2006-06-07 19:01:37 INFO: Octopus Backup closed

2006-06-07 19:03:11 INFO: Octopus Backup 0.01a by Christian Buhtz started
2006-06-07 19:03:13 INFO: Backup finished
2006-06-07 19:03:17 INFO: Octopus Backup closed

2006-06-07 19:04:26 INFO: Octopus Backup 0.01a by Christian Buhtz started
2006-06-07 19:04:28 INFO: Backup finished
2006-06-07 20:05:27 INFO: Octopus Backup 0.01a by Christian Buhtz started
2006-06-07 20:05:32 INFO: Backup finished
2006-06-07 20:06:19 INFO: Octopus Backup closed

2006-06-07 20:09:05 INFO: Octopus Backup 0.01a by Christian Buhtz started
2006-06-07 20:09:12 INFO: Backup finished
2006-06-07 20:10:32 INFO: Octopus Backup closed

2006-06-07 20:13:42 INFO: Octopus Backup 0.01a by Christian Buhtz started
2006-06-07 20:13:50 INFO: Backup finished
2006-06-07 20:14:30 INFO: Octopus Backup closed

2006-06-07 20:45:37 INFO: Octopus Backup 0.01a by Christian Buhtz started
2006-06-07 20:45:40 INFO: Backup finished
2006-06-07 20:45:48 INFO: Octopus Backup closed

2006-06-08 18:12:00 INFO: Octopus Backup 0.01a by Christian Buhtz started
2006-06-08 18:12:02 INFO: Backup finished
2006-06-08 18:12:32 INFO: Octopus Backup closed

2006-06-08 18:13:36 INFO: Octopus Backup 0.01a by Christian Buhtz started
2006-06-08 18:13:38 INFO: Backup finished
2006-06-08 18:13:44 INFO: Octopus Backup closed

2006-06-08 18:14:41 INFO: Octopus Backup 0.01a by Christian Buhtz started
2006-06-08 18:14:43 INFO: Backup finished
2006-06-08 18:14:53 INFO: Octopus Backup closed

2006-06-08 18:20:18 INFO: Octopus Backup 0.01a by Christian Buhtz started
2006-06-08 18:20:19 INFO: Backup finished
2006-06-08 18:20:29 INFO: Octopus Backup closed

2006-06-08 18:21:14 INFO: Octopus Backup 0.01a by Christian Buhtz started
2006-06-08 18:21:15 INFO: Backup finished
2006-06-08 18:21:21 INFO: Octopus Backup closed

2006-06-08 18:29:15 INFO: Octopus Backup 0.01a by Christian Buhtz started
2006-06-08 18:29:19 INFO: Backup finished
2006-06-08 18:29:23 INFO: Octopus Backup closed

2006-06-08 18:30:41 INFO: Octopus Backup 0.01a by Christian Buhtz started
2006-06-08 18:30:44 INFO: Backup finished
2006-06-08 18:30:50 INFO: Octopus Backup closed

2006-06-08 18:32:57 INFO: Octopus Backup 0.01a by Christian Buhtz started
2006-06-08 18:36:31 INFO: Octopus Backup 0.01a by Christian Buhtz started
2006-06-08 18:36:33 INFO: Backup finished
2006-06-08 18:36:54 INFO: Octopus Backup closed

2006-06-08 18:37:11 INFO: Octopus Backup 0.01a by Christian Buhtz started
2006-06-08 18:39:03 INFO: Octopus Backup 0.01a by Christian Buhtz started
2006-06-08 18:39:05 INFO: Backup finished
2006-06-08 18:39:16 INFO: Octopus Backup closed

2006-06-08 20:20:44 INFO: Octopus Backup 0.01a by Christian Buhtz started
2006-06-08 20:20:46 INFO: Backup finished
2006-06-08 20:20:55 INFO: Octopus Backup closed

2006-06-10 20:11:36 INFO: Octopus Backup 0.01a by Christian Buhtz started
2006-06-10 20:11:59 INFO: Backup finished
2006-06-10 20:13:28 INFO: Octopus Backup closed

2006-06-11 12:45:01 INFO: Octopus Backup 0.01a by Christian Buhtz started
2006-06-11 12:45:24 INFO: Backup finished
2006-06-11 12:45:30 INFO: Octopus Backup closed

2006-06-11 12:47:24 INFO: Octopus Backup 0.01a by Christian Buhtz started
2006-06-11 12:47:47 INFO: Backup finished
2006-06-11 12:48:06 INFO: Octopus Backup closed

2006-06-11 12:48:37 INFO: Octopus Backup 0.01a by Christian Buhtz started
2006-06-11 12:49:00 INFO: Backup finished
2006-06-11 13:03:17 INFO: Octopus Backup closed

2006-06-11 13:03:47 INFO: Octopus Backup 0.01a by Christian Buhtz started
2006-06-11 13:04:09 INFO: Backup finished
2006-06-11 13:04:13 INFO: Octopus Backup closed

2006-06-11 13:04:52 INFO: Octopus Backup 0.01a by Christian Buhtz started
2006-06-11 13:05:14 INFO: Backup finished
2006-06-11 13:05:23 INFO: Octopus Backup closed

2006-06-11 13:06:06 INFO: Octopus Backup 0.01a by Christian Buhtz started
2006-06-11 13:06:28 INFO: Backup finished
2006-06-11 13:06:42 INFO: Octopus Backup closed

2006-06-11 13:07:12 INFO: Octopus Backup 0.01a by Christian Buhtz started
2006-06-11 13:07:34 INFO: Backup finished
2006-06-11 13:09:55 INFO: Octopus Backup closed

2006-06-11 13:13:11 INFO: Octopus Backup 0.01a by Christian Buhtz started
2006-06-11 13:13:33 INFO: Backup finished
2006-06-11 13:13:53 INFO: Octopus Backup closed

2006-06-11 18:50:57 INFO: Octopus Backup 0.01a by Christian Buhtz started
2006-06-11 18:50:58 INFO: Backup finished
2006-06-11 18:51:01 INFO: Octopus Backup closed

2006-06-11 18:55:16 INFO: Octopus Backup 0.01a by Christian Buhtz started
2006-06-11 18:55:39 INFO: Backup finished
2006-06-11 18:55:55 INFO: Octopus Backup closed

2006-06-12 09:41:58 INFO: Octopus Backup 0.01a by Christian Buhtz started
2006-06-12 09:42:00 INFO: Backup finished
2006-06-12 09:42:13 INFO: Octopus Backup closed

2006-06-12 09:43:13 INFO: Octopus Backup 0.01a by Christian Buhtz started
2006-06-12 09:43:41 INFO: Octopus Backup closed

2006-06-12 10:11:41 INFO: Octopus Backup 0.01a by Christian Buhtz started
2006-06-12 10:12:00 INFO: Octopus Backup closed

2006-06-12 10:34:14 INFO: Octopus Backup 0.01a by Christian Buhtz started
2006-06-12 10:34:21 INFO: Octopus Backup closed

2006-06-12 10:39:15 INFO: Octopus Backup 0.01a by Christian Buhtz started
2006-06-12 10:39:23 INFO: Octopus Backup closed

2006-06-12 10:40:39 INFO: Octopus Backup 0.01a by Christian Buhtz started
2006-06-12 10:40:48 INFO: Octopus Backup closed

2006-06-12 10:43:50 INFO: Octopus Backup 0.01a by Christian Buhtz started
2006-06-12 10:43:56 INFO: Octopus Backup closed

2006-06-12 10:47:00 INFO: Octopus Backup 0.01a by Christian Buhtz started
2006-06-12 10:48:57 INFO: Octopus Backup 0.01a by Christian Buhtz started
2006-06-12 10:49:14 INFO: Octopus Backup closed

2006-06-12 10:53:26 INFO: Octopus Backup 0.01a by Christian Buhtz started
2006-06-12 10:53:37 INFO: Octopus Backup closed

2006-06-12 10:54:21 INFO: Octopus Backup 0.01a by Christian Buhtz started
2006-06-12 10:54:27 INFO: Octopus Backup closed

2006-06-12 10:55:02 INFO: Octopus Backup 0.01a by Christian Buhtz started
2006-06-12 10:55:10 INFO: Octopus Backup closed

2006-06-14 22:28:56 INFO: Octopus Backup 0.01a by Christian Buhtz started
2006-06-14 22:29:07 INFO: Octopus Backup closed

2006-06-15 11:55:49 INFO: Octopus Backup 0.01a by Christian Buhtz started
2006-06-15 11:55:58 INFO: Octopus Backup closed

2006-06-15 12:33:28 INFO: Octopus Backup 0.01a by Christian Buhtz started
2006-06-15 12:33:42 INFO: Octopus Backup closed

2006-06-15 13:01:29 INFO: Octopus Backup 0.01a by Christian Buhtz started
2006-06-15 13:01:49 INFO: Octopus Backup closed

2006-06-15 13:04:18 INFO: Octopus Backup 0.01a by Christian Buhtz started
2006-06-15 13:04:25 INFO: Octopus Backup closed

2006-06-15 13:15:36 INFO: Octopus Backup 0.01a by Christian Buhtz started
2006-06-15 13:16:24 INFO: Octopus Backup closed

2006-06-15 13:16:55 INFO: Octopus Backup 0.01a by Christian Buhtz started
2006-06-15 13:17:03 INFO: Octopus Backup closed

2006-06-15 13:31:02 INFO: Octopus Backup 0.01a by Christian Buhtz started
2006-06-15 13:32:16 INFO: Backup finished
2006-06-15 13:32:36 INFO: Octopus Backup closed

2006-06-15 13:33:30 INFO: Octopus Backup 0.01a by Christian Buhtz started
2006-06-15 13:35:20 INFO: Backup finished
2006-06-15 13:35:26 INFO: Octopus Backup closed

2006-06-15 13:35:29 INFO: Octopus Backup 0.01a by Christian Buhtz started
2006-06-15 13:35:32 INFO: Backup finished
2006-06-15 13:35:50 INFO: Octopus Backup closed

2006-06-15 13:36:47 INFO: Octopus Backup 0.01a by Christian Buhtz started
2006-06-15 13:36:52 INFO: Backup finished
2006-06-15 13:36:55 INFO: Octopus Backup closed

2006-06-15 13:37:01 INFO: Octopus Backup 0.01a by Christian Buhtz started
2006-06-15 13:37:03 INFO: Octopus Backup closed

2006-06-15 13:38:00 INFO: Octopus Backup 0.01a by Christian Buhtz started
2006-06-15 13:42:45 INFO: Octopus Backup 0.01a by Christian Buhtz started
2006-06-15 13:50:00 INFO: Octopus Backup 0.01a by Christian Buhtz started
2006-06-15 13:50:23 INFO: Octopus Backup closed

2006-06-15 13:53:08 INFO: Octopus Backup 0.01a by Christian Buhtz started
2006-06-15 13:53:21 INFO: Backup finished
2006-06-15 13:53:25 INFO: Octopus Backup closed

2006-06-15 13:53:41 INFO: Octopus Backup 0.01a by Christian Buhtz started
2006-06-15 15:56:25 INFO: Octopus Backup 0.01a by Christian Buhtz started
2006-06-15 16:00:47 INFO: Octopus Backup 0.01a by Christian Buhtz started
2006-06-15 16:10:34 INFO: Octopus Backup 0.01a by Christian Buhtz started
2006-06-15 16:10:43 INFO: Backup finished
2006-06-15 16:10:45 INFO: Octopus Backup closed

2006-06-15 16:10:52 INFO: Octopus Backup 0.01a by Christian Buhtz started
2006-06-15 16:11:08 INFO: Backup finished
2006-06-15 16:11:19 INFO: Octopus Backup closed

2006-06-15 16:48:47 INFO: Octopus Backup 0.01a by Christian Buhtz started
2006-06-15 16:48:52 INFO: Octopus Backup closed

2006-06-15 16:49:41 INFO: Octopus Backup 0.01a by Christian Buhtz started
2006-06-15 16:49:50 INFO: Octopus Backup closed

2006-06-16 18:01:20 INFO: Octopus Backup 0.01a by Christian Buhtz started
2006-06-16 18:01:31 INFO: Octopus Backup closed

2006-06-16 18:02:05 INFO: Octopus Backup 0.01a by Christian Buhtz started
2006-06-16 18:04:26 INFO: Backup finished
2006-06-16 18:04:32 INFO: Octopus Backup closed

2006-06-23 13:13:14 INFO: Octopus Backup 0.01a by Christian Buhtz started
2006-06-23 13:13:28 INFO: Octopus Backup closed

2006-06-23 13:14:05 INFO: Octopus Backup 0.01a by Christian Buhtz started
2006-06-23 13:15:21 INFO: Octopus Backup closed

2006-06-23 13:19:36 INFO: Octopus Backup 0.01a by Christian Buhtz started
2006-06-23 13:20:56 INFO: Octopus Backup closed

2006-06-23 13:47:37 INFO: Octopus Backup 0.01a by Christian Buhtz started
2006-06-23 13:48:03 INFO: Octopus Backup closed

2006-06-23 13:48:30 INFO: Octopus Backup 0.01a by Christian Buhtz started
2006-06-23 13:49:02 INFO: Octopus Backup closed

2006-06-23 13:49:39 INFO: Octopus Backup 0.01a by Christian Buhtz started
2006-06-23 13:50:09 INFO: Octopus Backup closed

2006-06-23 13:51:57 INFO: Octopus Backup 0.01a by Christian Buhtz started
2006-06-23 13:52:26 INFO: Octopus Backup closed

2006-06-23 14:31:41 INFO: Octopus Backup 0.01a by Christian Buhtz started
2006-06-23 14:33:20 INFO: Octopus Backup 0.01a by Christian Buhtz started
2006-06-23 14:37:51 INFO: Octopus Backup closed

2006-06-23 16:25:30 INFO: Octopus Backup 0.01a by Christian Buhtz started
2006-06-23 16:25:56 INFO: Octopus Backup closed

2006-06-23 16:26:41 INFO: Octopus Backup 0.01a by Christian Buhtz started
2006-06-23 16:28:28 INFO: Octopus Backup closed

2006-06-23 16:29:03 INFO: Octopus Backup 0.01a by Christian Buhtz started
2006-06-23 16:47:02 INFO: Octopus Backup closed

2006-06-23 16:48:36 INFO: Octopus Backup 0.01a by Christian Buhtz started
2006-06-23 16:49:03 INFO: Octopus Backup closed

2006-06-23 16:49:30 INFO: Octopus Backup 0.01a by Christian Buhtz started
2006-06-23 16:49:58 INFO: Octopus Backup closed

2006-06-23 16:50:32 INFO: Octopus Backup 0.01a by Christian Buhtz started
2006-06-23 16:50:58 INFO: Octopus Backup closed

2006-06-23 16:51:35 INFO: Octopus Backup 0.01a by Christian Buhtz started
2006-06-23 16:52:05 INFO: Octopus Backup closed

2006-06-23 16:52:42 INFO: Octopus Backup 0.01a by Christian Buhtz started
2006-06-23 16:55:00 INFO: Octopus Backup closed

2006-06-23 16:55:30 INFO: Octopus Backup 0.01a by Christian Buhtz started
2006-06-23 16:55:58 INFO: Octopus Backup closed

2006-06-26 14:03:31 INFO: Octopus Backup 0.01a by Christian Buhtz started
2006-06-26 14:10:04 INFO: Octopus Backup closed

2006-06-28 10:40:51 INFO: Octopus Backup 0.01a by Christian Buhtz started
2006-06-28 10:42:10 INFO: Octopus Backup closed

2006-08-03 21:26:55 INFO: Octopus Backup 0.01a by Christian Buhtz started
2006-08-03 21:27:39 INFO: Octopus Backup closed

2006-08-05 13:25:42 INFO: Octopus Backup 0.01a by Christian Buhtz started
2006-08-05 13:26:13 INFO: Octopus Backup closed

2006-08-05 17:39:16 INFO: Octopus Backup 0.01a by Christian Buhtz started
2006-08-05 17:39:30 INFO: Octopus Backup closed

2006-08-05 17:48:13 INFO: Octopus Backup 0.01a by Christian Buhtz started
2006-08-05 17:48:29 INFO: Octopus Backup closed

2006-08-05 18:06:30 INFO: Octopus Backup 0.01a by Christian Buhtz started
2006-08-05 18:06:49 INFO: Octopus Backup closed

2006-08-07 20:17:15 INFO: Octopus Backup 0.01a by Christian Buhtz started
2006-08-07 20:25:07 INFO: Octopus Backup closed

2006-08-09 19:43:49 INFO: Octopus Backup 0.01a by Christian Buhtz started
2006-08-09 19:43:56 INFO: Octopus Backup closed

2006-08-09 19:44:09 INFO: Octopus Backup 0.01a by Christian Buhtz started
2006-08-09 19:44:11 INFO: Octopus Backup closed

2006-08-09 19:44:38 INFO: Octopus Backup 0.01a by Christian Buhtz started
2006-08-09 19:44:44 INFO: Backup finished
2006-08-09 19:45:05 INFO: Octopus Backup closed

2006-08-09 19:46:14 INFO: Octopus Backup 0.01a by Christian Buhtz started
2006-08-09 19:46:15 INFO: Backup finished
2006-08-09 19:48:26 INFO: Octopus Backup closed

2006-08-11 14:43:31 INFO: Octopus Backup 0.01a by Christian Buhtz started
2006-08-11 14:43:32 INFO: Backup finished
2006-08-11 14:43:48 INFO: Octopus Backup closed

2006-08-11 18:28:26 INFO: Octopus Backup 0.01a by Christian Buhtz started
2006-08-11 18:28:27 INFO: Backup finished
2006-08-11 18:28:38 INFO: Octopus Backup closed

2006-08-20 17:35:24 INFO: Octopus Backup 0.01a by Christian Buhtz started
2006-08-20 17:35:27 INFO: Backup finished
2006-08-20 17:38:46 INFO: Octopus Backup closed

2006-08-20 17:41:54 INFO: Octopus Backup 0.01a by Christian Buhtz started
2006-08-20 17:41:57 INFO: Backup finished
2006-08-20 17:42:01 INFO: Octopus Backup closed

2006-10-25 01:09:18 INFO: Octopus Backup 0.01a by Christian Buhtz started
2006-10-25 01:09:22 INFO: Backup finished
2006-10-25 01:09:38 INFO: Octopus Backup closed

2006-10-26 17:43:14 INFO: Octopus Backup 0.01a by Christian Buhtz started
2006-10-26 17:43:16 INFO: Backup finished
2006-10-26 17:44:14 INFO: Octopus Backup closed

2006-10-26 17:44:55 INFO: Octopus Backup 0.01a by Christian Buhtz started
2006-10-26 17:44:56 INFO: Backup finished
2006-10-26 17:44:56 INFO: Octopus Backup closed

2006-10-26 17:45:46 INFO: Octopus Backup 0.01a by Christian Buhtz started
2006-10-26 17:52:29 INFO: Backup finished
2006-10-26 17:52:37 INFO: Octopus Backup closed

2006-10-26 17:54:00 INFO: Octopus Backup 0.01a by Christian Buhtz started
2006-10-26 17:54:47 INFO: Octopus Backup 0.01a by Christian Buhtz started
2006-10-26 17:57:33 INFO: Octopus Backup 0.01a by Christian Buhtz started
2006-10-26 17:57:34 INFO: Backup finished
2006-10-26 18:05:13 INFO: Octopus Backup closed

2006-10-26 18:19:17 INFO: Octopus Backup 0.01a by Christian Buhtz started
2006-10-26 18:19:18 INFO: Backup finished
2006-10-26 18:19:29 INFO: Octopus Backup closed

2006-11-03 11:09:53 INFO: Octopus Backup 0.01a by Christian Buhtz started
2006-11-03 11:09:55 INFO: Backup finished
2006-11-03 11:10:14 INFO: Octopus Backup closed

2006-11-03 11:16:24 INFO: Octopus Backup 0.01a by Christian Buhtz started
2006-11-03 11:16:25 INFO: Backup finished
2006-11-03 11:16:54 INFO: Octopus Backup closed

2006-11-03 11:33:42 INFO: Octopus Backup 0.01a by Christian Buhtz started
2006-11-03 11:33:44 INFO: Backup finished
2006-11-03 11:33:52 INFO: Octopus Backup closed

2006-11-03 11:35:06 INFO: Octopus Backup 0.01a by Christian Buhtz started
2006-11-03 11:35:07 INFO: Backup finished
2006-11-03 11:35:23 INFO: Octopus Backup closed

2006-11-03 11:37:03 INFO: Octopus Backup 0.01a by Christian Buhtz started
2006-11-03 11:37:04 INFO: Backup finished
2006-11-03 11:37:12 INFO: Octopus Backup closed

2006-11-03 11:38:49 INFO: Octopus Backup 0.01a by Christian Buhtz started
2006-11-03 11:38:50 INFO: Backup finished
2006-11-03 11:39:18 INFO: Octopus Backup closed

2006-11-03 12:06:08 INFO: Octopus Backup 0.01a by Christian Buhtz started
2006-11-03 12:06:09 INFO: Backup finished
2006-11-03 12:06:42 INFO: Octopus Backup closed

2006-11-03 12:09:06 INFO: Octopus Backup 0.01a by Christian Buhtz started
2006-11-03 12:09:07 INFO: Backup finished
2006-11-03 12:15:49 INFO: Octopus Backup 0.01a by Christian Buhtz started
2006-11-03 12:15:50 INFO: Backup finished
2006-11-03 12:16:10 INFO: Octopus Backup closed

2006-11-03 12:16:51 INFO: Octopus Backup 0.01a by Christian Buhtz started
2006-11-03 12:16:52 INFO: Backup finished
2006-11-03 12:17:06 INFO: Octopus Backup 0.01a by Christian Buhtz started
2006-11-03 12:17:07 INFO: Backup finished
2006-11-03 12:17:38 INFO: Octopus Backup closed

2006-11-03 12:17:43 INFO: Octopus Backup 0.01a by Christian Buhtz started
2006-11-03 12:17:44 INFO: Backup finished
2006-11-03 12:17:49 INFO: Octopus Backup closed

2006-11-03 12:19:40 INFO: Octopus Backup 0.01a by Christian Buhtz started
2006-11-03 12:19:40 INFO: Backup finished
2006-11-03 12:20:57 INFO: Octopus Backup closed

2006-11-03 12:21:55 INFO: Octopus Backup 0.01a by Christian Buhtz started
2006-11-03 12:21:56 INFO: Backup finished
2006-11-03 12:22:06 INFO: Octopus Backup closed

2006-11-03 12:23:17 INFO: Octopus Backup 0.01a by Christian Buhtz started
2006-11-03 12:23:18 INFO: Backup finished
2006-11-03 12:24:15 INFO: Octopus Backup closed

2006-11-03 12:28:59 INFO: Octopus Backup 0.01a by Christian Buhtz started
2006-11-03 12:28:59 INFO: Backup finished
2006-11-03 12:29:24 INFO: Octopus Backup closed

2006-11-22 20:13:50 INFO: Octopus Backup 0.01a by Christian Buhtz started
2006-11-22 20:13:52 INFO: Backup finished
2006-11-22 20:14:16 INFO: Octopus Backup closed

2006-11-22 20:19:08 INFO: Octopus Backup 0.01a by Christian Buhtz started
2006-11-22 20:19:08 INFO: Backup finished
2006-11-22 20:20:29 INFO: Octopus Backup closed

2006-11-22 20:20:30 INFO: Octopus Backup 0.01a by Christian Buhtz started
2006-11-22 20:20:31 INFO: Backup finished
2006-11-22 20:20:42 INFO: Octopus Backup closed

2006-11-22 20:30:47 INFO: Octopus Backup 0.01a by Christian Buhtz started
2006-11-22 20:30:47 INFO: Backup finished
2006-11-22 20:31:02 INFO: Octopus Backup closed

2006-11-28 18:01:06 INFO: Octopus Backup 0.01a by Christian Buhtz started
2006-11-28 18:01:10 INFO: Backup finished
2006-11-28 18:02:11 INFO: Octopus Backup closed

2006-11-28 18:02:13 INFO: Octopus Backup 0.01a by Christian Buhtz started
2006-11-28 18:02:14 INFO: Backup finished
2006-11-28 18:02:23 INFO: Octopus Backup closed

2006-11-28 18:11:21 INFO: Octopus Backup 0.01a by Christian Buhtz started
2006-11-28 18:11:22 INFO: Backup finished
2006-11-28 18:11:36 INFO: Octopus Backup closed

2006-11-28 18:12:47 INFO: Octopus Backup 0.01a by Christian Buhtz started
2006-11-28 18:12:48 INFO: Backup finished
2006-11-28 18:22:54 INFO: Octopus Backup closed

2006-11-28 18:24:34 INFO: Octopus Backup 0.01a by Christian Buhtz started
2006-11-28 18:24:34 INFO: Backup finished
2006-11-28 18:24:48 INFO: Octopus Backup closed

2006-11-28 18:26:27 INFO: Octopus Backup 0.01a by Christian Buhtz started
2006-11-28 18:26:28 INFO: Backup finished
2006-11-28 18:27:13 INFO: Octopus Backup closed

2006-11-28 18:51:12 INFO: Octopus Backup 0.01a by Christian Buhtz started
2006-11-28 18:51:14 INFO: Backup finished
2006-11-28 18:51:25 INFO: Octopus Backup closed

2006-11-28 18:52:25 INFO: Octopus Backup 0.01a by Christian Buhtz started
2006-11-28 18:52:26 INFO: Backup finished
2006-11-28 19:49:59 INFO: Octopus Backup 0.01a by Christian Buhtz started
2006-11-28 19:50:00 INFO: Backup finished
2006-11-28 19:52:02 INFO: Octopus Backup 0.01a by Christian Buhtz started
2006-11-28 19:52:03 INFO: Backup finished
2006-11-28 19:53:15 INFO: Octopus Backup 0.01a by Christian Buhtz started
2006-11-28 19:53:16 INFO: Backup finished
2006-11-28 19:55:38 INFO: Octopus Backup 0.01a by Christian Buhtz started
2006-11-28 19:55:39 INFO: Backup finished
2006-11-28 19:56:51 INFO: Octopus Backup 0.01a by Christian Buhtz started
2006-11-28 19:56:57 INFO: Backup finished
2006-11-28 19:58:19 INFO: Octopus Backup 0.01a by Christian Buhtz started
2006-11-28 19:58:23 INFO: Backup finished
2006-11-28 19:59:30 INFO: Octopus Backup 0.01a by Christian Buhtz started
2006-11-28 19:59:39 INFO: Backup finished
2006-11-28 20:09:15 INFO: Octopus Backup 0.01a by Christian Buhtz started
2006-11-28 20:09:18 INFO: Backup finished
2006-11-28 20:11:53 INFO: Octopus Backup 0.01a by Christian Buhtz started
2006-11-28 20:11:56 INFO: Backup finished
2006-12-01 16:20:53 INFO: Octopus Backup 0.01a by Christian Buhtz started
2006-12-01 16:20:56 INFO: Backup finished
2006-12-01 16:37:00 INFO: Octopus Backup 0.01a by Christian Buhtz started
2006-12-01 16:37:01 INFO: Backup finished
2006-12-04 20:51:14 INFO: Octopus Backup 0.01a by Christian Buhtz started
2006-12-04 20:51:17 INFO: Backup finished
2006-12-04 21:56:22 INFO: Octopus Backup 0.01a by Christian Buhtz started
2006-12-04 21:56:23 INFO: Backup finished
2006-12-04 22:02:42 INFO: Octopus Backup closed

2006-12-04 22:06:29 INFO: Octopus Backup 0.01a by Christian Buhtz started
2006-12-04 22:06:30 INFO: Backup finished
2006-12-04 22:06:43 INFO: Octopus Backup closed

2006-12-04 22:11:59 INFO: Octopus Backup 0.01a by Christian Buhtz started
2006-12-04 22:12:00 INFO: Backup finished
2006-12-04 22:13:32 INFO: Octopus Backup 0.01a by Christian Buhtz started
2006-12-04 22:13:32 INFO: Backup finished
2006-12-04 22:14:23 INFO: Octopus Backup closed

2006-12-05 17:35:57 INFO: Octopus Backup 0.01a by Christian Buhtz started
2006-12-05 17:35:58 INFO: Backup finished
2006-12-05 17:36:10 INFO: Octopus Backup closed

2006-12-05 17:38:21 INFO: Octopus Backup 0.01a by Christian Buhtz started
2006-12-05 17:38:23 INFO: Backup finished
2006-12-05 17:39:07 INFO: Octopus Backup closed

2006-12-05 18:48:24 INFO: Octopus Backup 0.01a by Christian Buhtz started
2006-12-05 18:48:38 INFO: Octopus Backup 0.01a by Christian Buhtz started
2006-12-05 18:49:01 INFO: Octopus Backup 0.01a by Christian Buhtz started
2006-12-05 18:50:42 INFO: Octopus Backup 0.01a by Christian Buhtz started
2006-12-05 18:52:26 INFO: Octopus Backup 0.01a by Christian Buhtz started
2006-12-05 18:52:31 INFO: Backup finished
2006-12-05 18:52:36 INFO: Octopus Backup closed

2006-12-05 18:52:45 INFO: Octopus Backup 0.01a by Christian Buhtz started
2006-12-05 18:52:46 INFO: Backup finished
2006-12-05 18:53:18 INFO: Octopus Backup closed

2006-12-05 18:54:13 INFO: Octopus Backup 0.01a by Christian Buhtz started
2006-12-05 18:54:14 INFO: Backup finished
2006-12-05 18:55:05 INFO: Octopus Backup closed

2006-12-05 18:57:15 INFO: Octopus Backup 0.01a by Christian Buhtz started
2006-12-05 18:57:15 INFO: Backup finished
2006-12-05 18:57:58 INFO: Octopus Backup closed

2006-12-05 19:08:17 INFO: Octopus Backup 0.01a by Christian Buhtz started
2006-12-05 19:08:17 INFO: Backup finished
2006-12-05 19:08:54 INFO: Octopus Backup closed

2006-12-05 19:09:20 INFO: Octopus Backup 0.01a by Christian Buhtz started
2006-12-05 19:09:21 INFO: Backup finished
2006-12-05 19:09:37 INFO: Octopus Backup closed

2006-12-05 19:40:54 INFO: Octopus Backup 0.01a by Christian Buhtz started
2006-12-05 19:40:56 INFO: Backup finished
2006-12-05 19:43:14 INFO: Octopus Backup closed

2007-01-20 14:59:24 INFO: Octopus Backup 0.01a by Christian Buhtz started
2007-01-20 14:59:27 INFO: Backup finished
2007-01-20 14:59:33 INFO: Octopus Backup closed

2007-01-20 15:04:56 INFO: Octopus Backup 0.01a by Christian Buhtz started
2007-01-20 15:04:59 INFO: Backup finished
2007-01-20 15:06:21 INFO: Octopus Backup closed

2007-01-20 16:17:47 INFO: Octopus Backup 0.01a by Christian Buhtz started
2007-01-20 16:17:48 INFO: Backup finished
2007-01-20 16:18:14 INFO: Octopus Backup closed

2007-01-20 16:20:10 INFO: Octopus Backup 0.01a by Christian Buhtz started
2007-01-20 16:20:11 INFO: Backup finished
2007-01-20 16:20:42 INFO: Octopus Backup closed

2007-01-20 16:21:20 INFO: Octopus Backup 0.01a by Christian Buhtz started
2007-01-20 16:21:23 INFO: Backup finished
2007-01-20 16:21:33 INFO: Octopus Backup closed

2007-01-20 16:21:38 INFO: Octopus Backup 0.01a by Christian Buhtz started
2007-01-20 16:21:39 INFO: Backup finished
2007-01-20 16:21:40 INFO: Octopus Backup closed

2007-01-20 16:21:49 INFO: Octopus Backup 0.01a by Christian Buhtz started
2007-01-20 16:21:50 INFO: Backup finished
2007-01-20 16:21:51 INFO: Octopus Backup closed

2007-01-20 16:22:06 INFO: Octopus Backup 0.01a by Christian Buhtz started
2007-01-20 16:22:07 INFO: Backup finished
2007-01-20 16:25:45 INFO: Octopus Backup 0.01a by Christian Buhtz started
2007-01-20 16:25:46 INFO: Backup finished
2007-01-20 16:25:55 INFO: Octopus Backup closed

2007-01-20 17:09:58 INFO: Octopus Backup 0.01a by Christian Buhtz started
2007-01-20 17:09:58 INFO: Backup finished
2007-01-20 17:10:48 INFO: Octopus Backup 0.01a by Christian Buhtz started
2007-01-20 17:10:51 INFO: Backup finished
2007-01-20 17:12:56 INFO: Octopus Backup 0.01a by Christian Buhtz started
2007-01-20 17:12:58 INFO: Backup finished
2007-01-20 17:13:36 INFO: Octopus Backup 0.01a by Christian Buhtz started
2007-01-20 17:13:37 INFO: Backup finished
2007-01-20 17:14:00 INFO: Octopus Backup 0.01a by Christian Buhtz started
2007-01-20 17:14:01 INFO: Backup finished
2007-01-20 17:14:36 INFO: Octopus Backup closed

2007-01-20 17:16:06 INFO: Octopus Backup 0.01a by Christian Buhtz started
2007-01-20 17:16:09 INFO: Backup finished
2007-01-20 17:17:23 !!! FATAL ERROR !!!: OBBackupTree::OnItemActivated() => no task object found for the specified OID
2007-01-20 17:19:46 INFO: Octopus Backup 0.01a by Christian Buhtz started
2007-01-20 17:19:58 INFO: Backup finished
2007-01-20 17:20:00 !!! FATAL ERROR !!!: OBBackupTree::OnItemActivated() => no task object found for the specified OID
2007-01-20 17:20:08 !!! FATAL ERROR !!!: OBBackupTree::OnItemActivated() => no task object found for the specified OID
2007-01-20 17:20:11 INFO: Octopus Backup closed

2007-01-20 17:23:08 INFO: Octopus Backup 0.01a by Christian Buhtz started
2007-01-20 17:25:57 INFO: Octopus Backup 0.01a by Christian Buhtz started
2007-01-20 17:35:29 INFO: Octopus Backup 0.01a by Christian Buhtz started
2007-01-20 17:36:04 INFO: Backup finished
2007-01-20 17:37:27 !!! FATAL ERROR !!!: OBBackupTree::OnItemActivated() => no task object found for the specified OID
2007-01-20 17:38:47 INFO: Octopus Backup 0.01a by Christian Buhtz started
2007-01-20 17:38:47 INFO: Backup finished
2007-01-20 17:39:12 INFO: Octopus Backup closed

2007-01-20 17:45:13 INFO: Octopus Backup 0.01a by Christian Buhtz started
2007-01-20 17:45:14 INFO: Backup finished
2007-01-20 17:47:20 INFO: Octopus Backup 0.01a by Christian Buhtz started
2007-01-20 17:47:20 INFO: Backup finished
2007-01-20 17:47:56 INFO: Octopus Backup 0.01a by Christian Buhtz started
2007-01-20 17:47:58 INFO: Backup finished
2007-01-20 17:53:01 INFO: Octopus Backup 0.01a by Christian Buhtz started
2007-01-20 17:53:03 INFO: Backup finished
2007-01-20 18:01:33 INFO: Octopus Backup closed

2007-01-20 18:02:41 INFO: Octopus Backup 0.01a by Christian Buhtz started
2007-01-20 18:02:43 INFO: Backup finished
2007-01-20 18:06:16 INFO: Octopus Backup closed

2007-01-20 18:06:22 INFO: Octopus Backup 0.01a by Christian Buhtz started
2007-01-20 18:06:23 INFO: Backup finished
2007-01-20 18:06:56 INFO: Octopus Backup closed

2007-01-29 23:00:14 INFO: Octopus Backup 0.01a by Christian Buhtz started
2007-01-29 23:00:15 INFO: Backup finished
2007-01-29 23:02:21 INFO: Octopus Backup closed

2007-02-04 13:27:16 INFO: Octopus Backup 0.01a by Christian Buhtz started
2007-02-04 13:39:30 INFO: Octopus Backup closed

2007-02-04 18:09:15 INFO: Octopus Backup 0.01a by Christian Buhtz started
2007-02-04 18:10:14 INFO: Octopus Backup closed

2007-02-04 18:10:16 INFO: Octopus Backup 0.01a by Christian Buhtz started
2007-02-04 18:10:34 INFO: Octopus Backup 0.01a by Christian Buhtz started
2007-02-04 18:10:48 INFO: Octopus Backup closed

2007-02-04 18:16:37 INFO: Octopus Backup 0.01a by Christian Buhtz started
2007-02-04 18:17:20 INFO: Octopus Backup closed

2007-02-04 18:17:21 INFO: Octopus Backup 0.01a by Christian Buhtz started
2007-02-04 18:17:23 INFO: Octopus Backup closed

2007-02-04 18:17:35 INFO: Octopus Backup 0.01a by Christian Buhtz started
2007-02-04 18:45:38 INFO: Octopus Backup 0.01a by Christian Buhtz started
2007-02-04 19:07:02 INFO: Octopus Backup 0.01a by Christian Buhtz started
2007-02-04 19:07:38 INFO: Octopus Backup closed

2007-02-04 19:10:04 INFO: Octopus Backup 0.01a by Christian Buhtz started
2007-02-04 19:12:38 INFO: Octopus Backup closed

2007-02-05 19:16:24 INFO: Octopus Backup 0.01a by Christian Buhtz started
2007-02-05 19:16:26 INFO: Octopus Backup closed

2007-02-05 19:21:57 INFO: Octopus Backup 0.01a by Christian Buhtz started
2007-02-05 19:22:08 INFO: Octopus Backup closed

2007-02-05 19:27:19 INFO: Octopus Backup 0.01a by Christian Buhtz started
2007-02-05 19:27:58 INFO: Octopus Backup closed

2007-02-05 19:28:53 INFO: Octopus Backup 0.01a by Christian Buhtz started
2007-02-05 19:28:59 INFO: Octopus Backup closed

2007-02-05 19:29:43 INFO: Octopus Backup 0.01a by Christian Buhtz started
2007-02-05 19:29:56 INFO: Octopus Backup closed

2007-02-05 19:35:19 INFO: Octopus Backup 0.01a by Christian Buhtz started
2007-02-05 19:35:37 INFO: Octopus Backup closed

2007-02-05 20:23:35 INFO: Octopus Backup 0.01a by Christian Buhtz started
2007-02-05 20:25:02 INFO: Octopus Backup closed

2007-02-05 20:25:04 INFO: Octopus Backup 0.01a by Christian Buhtz started
2007-02-05 20:25:06 INFO: Octopus Backup closed

2007-02-05 20:25:24 INFO: Octopus Backup 0.01a by Christian Buhtz started
2007-02-05 20:27:38 INFO: Octopus Backup closed

2007-02-05 20:28:46 INFO: Octopus Backup 0.01a by Christian Buhtz started
2007-02-05 20:32:41 INFO: Octopus Backup 0.01a by Christian Buhtz started
2007-02-05 20:32:54 INFO: Octopus Backup closed

2007-02-05 20:39:46 INFO: Octopus Backup 0.01a by Christian Buhtz started
2007-02-05 20:45:43 INFO: Octopus Backup 0.01a by Christian Buhtz started
2007-02-05 20:47:21 INFO: Octopus Backup 0.01a by Christian Buhtz started
2007-02-06 18:31:34 INFO: Octopus Backup 0.01a by Christian Buhtz started
2007-02-06 18:32:41 INFO: Octopus Backup closed

2007-02-06 18:32:56 INFO: Octopus Backup 0.01a by Christian Buhtz started
2007-02-06 18:33:31 INFO: Octopus Backup closed

2007-02-06 18:41:27 INFO: Octopus Backup 0.01a by Christian Buhtz started
2007-02-06 18:42:45 INFO: Octopus Backup 0.01a by Christian Buhtz started
2007-02-06 18:43:03 INFO: Octopus Backup 0.01a by Christian Buhtz started
2007-02-06 18:43:24 INFO: Octopus Backup closed

2007-02-06 18:47:48 INFO: Octopus Backup 0.01a by Christian Buhtz started
2007-02-06 18:48:01 INFO: Octopus Backup closed

2007-02-06 18:48:15 INFO: Octopus Backup 0.01a by Christian Buhtz started
2007-02-06 18:49:07 INFO: Octopus Backup closed

2007-02-06 18:49:23 INFO: Octopus Backup 0.01a by Christian Buhtz started
2007-02-06 18:50:11 !!! FATAL ERROR !!!: Unable to set an OID while loading a project file.
The file is corrupt!
2007-02-06 18:50:11 !!! FATAL ERROR !!!: Can not open Project E:\test.ob
2007-02-06 18:50:20 INFO: Octopus Backup closed

2007-02-06 18:51:13 INFO: Octopus Backup 0.01a by Christian Buhtz started
2007-02-06 18:53:14 INFO: Octopus Backup 0.01a by Christian Buhtz started
2007-02-06 18:55:56 INFO: Octopus Backup closed

2007-02-06 18:56:58 INFO: Octopus Backup 0.01a by Christian Buhtz started
2007-02-06 19:06:33 INFO: Octopus Backup 0.01a by Christian Buhtz started
2007-02-06 19:09:37 INFO: Octopus Backup closed

2007-02-06 19:09:46 INFO: Octopus Backup 0.01a by Christian Buhtz started
2007-02-06 19:09:54 !!! FATAL ERROR !!!: Unable to set an OID while loading a project file.
The file is corrupt!
2007-02-06 19:09:54 !!! FATAL ERROR !!!: Can not open Project E:\test.ob
2007-02-06 19:10:04 INFO: Octopus Backup closed

2007-02-06 19:10:43 INFO: Octopus Backup 0.01a by Christian Buhtz started
2007-02-06 19:13:01 !!! FATAL ERROR !!!: Unable to set an OID while loading a project file.
The file is corrupt!
2007-02-06 19:13:45 !!! FATAL ERROR !!!: Can not open Project E:\test.ob
2007-02-06 19:13:55 INFO: Octopus Backup closed

2007-02-06 19:14:21 INFO: Octopus Backup 0.01a by Christian Buhtz started
2007-02-06 19:18:24 INFO: Octopus Backup 0.01a by Christian Buhtz started
2007-02-06 19:18:36 INFO: Octopus Backup closed

2007-02-06 19:20:27 INFO: Octopus Backup 0.01a by Christian Buhtz started
2007-02-06 19:22:41 INFO: Octopus Backup closed

2007-02-06 19:23:28 INFO: Octopus Backup 0.01a by Christian Buhtz started
2007-02-06 19:25:25 INFO: Octopus Backup closed

2007-02-06 19:25:36 INFO: Octopus Backup 0.01a by Christian Buhtz started
2007-02-06 19:25:38 INFO: Octopus Backup closed

2007-02-06 19:26:01 INFO: Octopus Backup 0.01a by Christian Buhtz started
2007-02-06 19:27:01 !!! FATAL ERROR !!!: Unable to set an OID while loading a project file.
The file is corrupt!
2007-02-06 19:27:22 !!! FATAL ERROR !!!: Can not open Project E:\test.ob
2007-02-06 19:27:27 INFO: Octopus Backup closed

2007-02-06 19:28:08 INFO: Octopus Backup 0.01a by Christian Buhtz started
2007-02-06 19:35:00 INFO: Octopus Backup 0.01a by Christian Buhtz started
2007-02-06 19:36:34 INFO: Octopus Backup 0.01a by Christian Buhtz started
2007-02-06 19:38:21 INFO: Octopus Backup closed

2007-02-07 21:08:46 INFO: Octopus Backup 0.01a by Christian Buhtz started
2007-02-07 21:10:03 INFO: Octopus Backup closed

2007-02-08 17:57:50 INFO: Octopus Backup 0.01a by Christian Buhtz started
2007-02-08 18:02:55 INFO: Octopus Backup closed

2007-02-08 18:04:41 INFO: Octopus Backup 0.01a by Christian Buhtz started
2007-02-08 18:04:49 INFO: Octopus Backup closed

2007-02-08 18:07:19 INFO: Octopus Backup 0.01a by Christian Buhtz started
2007-02-08 18:10:00 INFO: Octopus Backup 0.01a by Christian Buhtz started
2007-02-08 18:12:43 INFO: Octopus Backup 0.01a by Christian Buhtz started
2007-02-08 18:16:35 INFO: Octopus Backup closed

2007-02-08 18:18:06 INFO: Octopus Backup 0.01a by Christian Buhtz started
2007-02-08 18:19:08 INFO: Octopus Backup closed

2007-02-08 18:22:27 INFO: Octopus Backup 0.01a by Christian Buhtz started
2007-02-08 18:22:36 INFO: Octopus Backup closed

2007-02-08 18:25:45 INFO: Octopus Backup 0.01a by Christian Buhtz started
2007-02-08 18:28:17 INFO: Octopus Backup closed

2007-02-08 18:31:47 INFO: Octopus Backup 0.01a by Christian Buhtz started
2007-02-08 18:32:34 INFO: Octopus Backup closed

2007-02-08 18:36:23 INFO: Octopus Backup 0.01a by Christian Buhtz started
2007-02-08 18:37:31 INFO: Octopus Backup closed

2007-02-08 18:41:36 INFO: Octopus Backup 0.01a by Christian Buhtz started
2007-02-08 18:48:57 INFO: Octopus Backup 0.01a by Christian Buhtz started
2007-02-08 18:50:55 INFO: Octopus Backup closed

2007-02-08 18:50:58 INFO: Octopus Backup 0.01a by Christian Buhtz started
2007-02-08 18:51:09 INFO: Octopus Backup closed

2007-02-09 22:11:41 INFO: Octopus Backup 0.01a by Christian Buhtz started
2007-02-09 22:11:44 INFO: Octopus Backup closed

2007-02-09 22:11:47 INFO: Octopus Backup 0.01a by Christian Buhtz started
2007-02-09 22:11:57 INFO: Octopus Backup closed

2007-02-14 18:35:18 INFO: Octopus Backup 0.01a by Christian Buhtz started
2007-02-14 18:36:20 INFO: Octopus Backup closed

